C51 COMPILER V9.57.0.0   MAIN                                                              07/20/2018 17:56:13 PAGE 1   


C51 COMPILER V9.57.0.0, COMPILATION OF MODULE MAIN
OBJECT MODULE PLACED IN .\Objects\main.obj
COMPILER INVOKED BY: D:\Keil_v5\C51\BIN\C51.EXE main.c OPTIMIZE(8,SPEED) BROWSE DEBUG OBJECTEXTEND PRINT(.\Listings\main
                    -.lst) OBJECT(.\Objects\main.obj)

line level    source

   1          #include "reg52.h"
   2          #include "LCD1602.h"
   3          #define u8 unsigned char
   4          #define u16 unsigned int
   5          #define u32 unsigned long
   6                  
   7          u8 ReceiveData[24]={0};
   8          u8 DisplayData1[16]={"Voltage:   .  v"};
   9          u8 DisplayData2[16]={"Power :   .   w"};
  10          u16 i=0; 
  11          
  12          u32 VoltageParameter = 0;               //电压参数 
  13          float CurrentParameter = 0;             //电流参数
  14          u32 PowerParameters  = 0;               //功率参数
  15          
  16          u32 RegisterVoltage  = 0;               //寄存器电压
  17          float RegisterCurrent  = 0;             //寄存器电流
  18          u32 RegisterPower    = 0;               //寄存器功率
  19          
  20          u16 Voltage = 0;                //电压
  21          u32 Current = 0;                //电流
  22          u32 Power   = 0;                //功率
  23          
  24          /*******************************************************************************
  25          * 函数名         :UsartInit()
  26          * 函数功能                 :设置串口
  27          * 输入           : 无
  28          * 输出           : 无
  29          *******************************************************************************/
  30          void UsartInit()
  31          {
  32   1              SCON=0X50;                      //设置为工作方式1
  33   1              TMOD=0X20;                      //设置计数器工作方式2
  34   1              //TH1 = 0xFD;                   //波特率：9600
  35   1              TH1 = 0xFA;             //波特率：4800
  36   1              TL1 = TH1;
  37   1              ES=1;                                           //打开接收中断
  38   1              EA=1;                                           //打开总中断
  39   1              TR1=1;                                  //打开计数器
  40   1      }
  41          
  42          /*******************************************************************************
  43          * 函 数 名       : main
  44          * 函数功能               : 主函数
  45          * 输    入       : 无
  46          * 输    出       : 无
  47          *******************************************************************************/
  48          void main()
  49          {       
  50   1              UsartInit();  //        串口初始化
  51   1              init();
  52   1              while(1)
  53   1              {
  54   2                      DisplayData1[8]  = Voltage%100000/10000+0x30;
C51 COMPILER V9.57.0.0   MAIN                                                              07/20/2018 17:56:13 PAGE 2   

  55   2                      DisplayData1[9]  = Voltage%10000/1000+0x30;
  56   2                      DisplayData1[10] = Voltage%1000/100+0x30;
  57   2                      DisplayData1[12] = Voltage%100/10+0x30;
  58   2                      DisplayData1[13] = Voltage%10+0x30;
  59   2                      DisplayData2[7]  = Voltage%1000000/100000+0x30;
  60   2                      DisplayData2[8]  = Power%100000/10000+0x30;
  61   2                      DisplayData2[9]  = Power%10000/1000+0x30;
  62   2                      DisplayData2[11] = Power%1000/100+0x30;
  63   2                      DisplayData2[12] = Power%100/10+0x30;
  64   2                      DisplayData2[13] = Power%10+0x30;
  65   2                      LCD_Write_String(0,0,DisplayData1);
  66   2                      LCD_Write_String(0,1,DisplayData2);
  67   2              }               
  68   1      }
  69          
  70          /*******************************************************************************
  71          * 函数名         : Usart() interrupt 4
  72          * 函数功能                : 串口通信中断函数
  73          * 输入           : 无
  74          * 输出           : 无
  75          *******************************************************************************/
  76          void Usart() interrupt 4
  77          {
  78   1              u8 receiveData;
  79   1      
  80   1              receiveData=SBUF;//出去接收到的数据
  81   1              RI = 0;//清除接收中断标志位
  82   1              ReceiveData[i]=receiveData;
  83   1              i++;
  84   1              if(i>=24)
  85   1              {
  86   2                      i=0;
  87   2                      VoltageParameter = ReceiveData[2]*65535+ReceiveData[3]*256+ReceiveData[4];              //电压参数计算
  88   2                      CurrentParameter = ReceiveData[8]*65535+ReceiveData[9]*256+ReceiveData[10];             //电流参数计算
  89   2                      PowerParameters  = ReceiveData[14]*65535+ReceiveData[15]*256+ReceiveData[16];   //功率参数计算
  90   2                      RegisterVoltage  = ReceiveData[5]*65535+ReceiveData[6]*256+ReceiveData[7];              //寄存器电压计算
  91   2                      RegisterCurrent  = ReceiveData[11]*65535+ReceiveData[12]*256+ReceiveData[13];   //寄存器电压计算
  92   2                      RegisterPower    = ReceiveData[17]*65535+ReceiveData[18]*256+ReceiveData[19];   //寄存器电压计算
  93   2                      Voltage = (u16)(VoltageParameter/RegisterVoltage)*1.88*100;
  94   2                      Power   = (PowerParameters/RegisterPower)*1.0*1.88*1000;
  95   2              }
  96   1                      
  97   1              SBUF=receiveData;//将接收到的数据放入到发送寄存器
  98   1              while(!TI);                      //等待发送数据完成
  99   1              TI=0;                                            //清除发送完成标志位
 100   1      }


MODULE INFORMATION:   STATIC OVERLAYABLE
   CODE SIZE        =   1094    ----
   CONSTANT SIZE    =   ----    ----
   XDATA SIZE       =   ----    ----
   PDATA SIZE       =   ----    ----
   DATA SIZE        =     92       1
   IDATA SIZE       =   ----    ----
   BIT SIZE         =   ----    ----
END OF MODULE INFORMATION.


C51 COMPILATION COMPLETE.  0 WARNING(S),  0 ERROR(S)
